Logfile initialized
[INFO] logfile = C:\Users\Anthony\Documents\My Dropbox\Personal\College\VT\Classes\ECE 3574\ece3574sossoasgn4\asgn4\build.log
[DEBUG] C:\Users\Anthony\AppData\Roaming\Titanium\mobilesdk\win32\1.8.2\android\builder.py simulator gsnotes C:\Program Files (x86)\Android\android-sdk C:\Users\Anthony\Documents\My Dropbox\Personal\College\VT\Classes\ECE 3574\ece3574sossoasgn4\asgn4 com.ece3574.gsnotes 7 HVGA /127.0.0.1:61997
[INFO] Building gsnotes for Android ... one moment
[INFO] Titanium SDK version: 1.8.2 (02/23/12 17:46 59b3a90)
[DEBUG] Waiting for device to be ready ...
[TRACE] adb devices returned 1 devices/emulators
[DEBUG] Device connected... (waited 0 seconds)
[DEBUG] waited 0.030000 seconds on emulator to get ready
[DEBUG] com.ece3574.gsnotes installed? True
[INFO] Fastdev server running, deploying in Fastdev mode
[INFO] Copying project resources..
[TRACE] COPYING MODIFIED FILE: C:\Users\Anthony\Documents\My Dropbox\Personal\College\VT\Classes\ECE 3574\ece3574sossoasgn4\asgn4\Resources\locations.js => C:\Users\Anthony\Documents\My Dropbox\Personal\College\VT\Classes\ECE 3574\ece3574sossoasgn4\asgn4\build\android\bin\assets\Resources\locations.js
[INFO] Tiapp.xml unchanged, skipping class generation
[DEBUG] Processing Android resource drawables
[DEBUG] found drawable-long-land-hdpi splash screen at C:\Users\Anthony\Documents\My Dropbox\Personal\College\VT\Classes\ECE 3574\ece3574sossoasgn4\asgn4\Resources\android\images\res-long-land-hdpi\default.png
[DEBUG] found drawable-long-land-ldpi splash screen at C:\Users\Anthony\Documents\My Dropbox\Personal\College\VT\Classes\ECE 3574\ece3574sossoasgn4\asgn4\Resources\android\images\res-long-land-ldpi\default.png
[DEBUG] found drawable-long-port-hdpi splash screen at C:\Users\Anthony\Documents\My Dropbox\Personal\College\VT\Classes\ECE 3574\ece3574sossoasgn4\asgn4\Resources\android\images\res-long-port-hdpi\default.png
[DEBUG] found drawable-long-port-ldpi splash screen at C:\Users\Anthony\Documents\My Dropbox\Personal\College\VT\Classes\ECE 3574\ece3574sossoasgn4\asgn4\Resources\android\images\res-long-port-ldpi\default.png
[DEBUG] found drawable-notlong-land-hdpi splash screen at C:\Users\Anthony\Documents\My Dropbox\Personal\College\VT\Classes\ECE 3574\ece3574sossoasgn4\asgn4\Resources\android\images\res-notlong-land-hdpi\default.png
[DEBUG] found drawable-notlong-land-ldpi splash screen at C:\Users\Anthony\Documents\My Dropbox\Personal\College\VT\Classes\ECE 3574\ece3574sossoasgn4\asgn4\Resources\android\images\res-notlong-land-ldpi\default.png
[DEBUG] found drawable-notlong-land-mdpi splash screen at C:\Users\Anthony\Documents\My Dropbox\Personal\College\VT\Classes\ECE 3574\ece3574sossoasgn4\asgn4\Resources\android\images\res-notlong-land-mdpi\default.png
[DEBUG] found drawable-notlong-port-hdpi splash screen at C:\Users\Anthony\Documents\My Dropbox\Personal\College\VT\Classes\ECE 3574\ece3574sossoasgn4\asgn4\Resources\android\images\res-notlong-port-hdpi\default.png
[DEBUG] found drawable-notlong-port-ldpi splash screen at C:\Users\Anthony\Documents\My Dropbox\Personal\College\VT\Classes\ECE 3574\ece3574sossoasgn4\asgn4\Resources\android\images\res-notlong-port-ldpi\default.png
[DEBUG] found drawable-notlong-port-mdpi splash screen at C:\Users\Anthony\Documents\My Dropbox\Personal\College\VT\Classes\ECE 3574\ece3574sossoasgn4\asgn4\Resources\android\images\res-notlong-port-mdpi\default.png
[INFO] Waiting for SDCard to become available..
[INFO] Re-launching application ... gsnotes
[INFO] Launching application ... gsnotes
[TRACE] Launch output: Starting: Intent { act=android.intent.action.MAIN cat=[android.intent.category.LAUNCHER] cmp=com.ece3574.gsnotes/.GsnotesActivity }

[INFO] Relaunched gsnotes ... Application should be running.
[INFO] Forwarding host port 61997 to device for debugging.
